; Top Design: "TTT4201_sem_proj1_lib:SP_NF_GainMatchK:schematic"
; Netlisted using Hierarchy Policy: "Standard"

Options ResourceUsage=yes UseNutmegFormat=no EnableOptim=no TopDesignName="TTT4201_sem_proj1_lib:SP_NF_GainMatchK:schematic" DcopOutputNodeVoltages=yes DcopOutputPinCurrents=yes DcopOutputAllSweepPoints=no DcopOutputDcopType=0
; Library Name: Johanson_lib
; Cell Name: CapJT
; View Name: schematic
define CapJT ( P1  P2 ) 
parameters  C=1.0 pF 
C:C7  N__1 P2 C=0.937*C 
L:L1  P1 N__1 L=(0.647*(C/(1pF))^-0.0414) nH R=3.74*(C/(1pF))^-0.195 Ohm Noise=yes  
C:C10  P2 0 C=0.0317 pF 
C:C9  P1 0 C=0.0317 pF 
end CapJT

; Library Name: TTT4201_sem_proj1_lib
; Cell Name: PA_Real_BiasDrain
; View Name: schematic
define PA_Real_BiasDrain ( DCConnect  RF ) 
;parameters 
GRM31:C2  N__14 N__5 PartNumber=548 
MLEF2:TL7  N__13 Subst="MSub1" W=W50 mm L=16.3226 mm Wall1=2.5000000000000002e+28 mm Wall2=2.5000000000000002e+28 mm Mod=1 
CapJT:Kap1  N__18 N__12 C=10 pF 
MLIN2:TL6  N__11 RF Subst="MSub1" W=W50 mm L=16.3226 mm Wall1=2.5000000000000002e+28 mm Wall2=2.5000000000000002e+28 mm Mod=1 
MLIN2:TL4  N__6 N__7 Subst="MSub1" W=1.5 mm L=3 mm Wall1=2.5000000000000002e+28 mm Wall2=2.5000000000000002e+28 mm Mod=1 
MLIN2:TL1  N__10 DCConnect Subst="MSub1" W=1.5 mm L=2 mm Wall1=2.5000000000000002e+28 mm Wall2=2.5000000000000002e+28 mm Mod=1 
MCROSO:Cros2  N__7 N__14 N__10 N__8 Subst="MSub1" W1=1.5 mm W2=2 mm W3=1.5 mm W4=1 mm 
VIA:V2  N__16 0 D1=0.5 mm D2=0.5 mm H=1.52 mm T=0.00375 mm 
VIA:V3  N__5 0 D1=0.5 mm D2=0.5 mm H=1.52 mm T=0.00375 mm 
VIA:V1  N__12 0 D1=0.5 mm D2=0.5 mm H=1.52 mm T=0.00375 mm 
MGAP:Gap1  N__18 N__12 Subst="MSub1" W=1.5 mm S=0.5 mm 
GRM18:C1  N__8 N__16 PartNumber=900 
MCROSO:Cros1  N__18 N__13 N__6 N__11 Subst="MSub1" W1=1 mm W2=W50 mm W3=1.5 mm W4=W50 mm 
end PA_Real_BiasDrain

; Library Name: TTT4201_sem_proj1_lib
; Cell Name: PA_Real_BiasGate
; View Name: schematic
define PA_Real_BiasGate ( DCConnect  RF ) 
;parameters 
MLIN2:TL1  N__1 DCConnect Subst="MSub1" W=1.5 mm L=2 mm Wall1=2.5000000000000002e+28 mm Wall2=2.5000000000000002e+28 mm Mod=1 
MCROSO:Cros2  N__7 N__21 N__1 N__14 Subst="MSub1" W1=1.5 mm W2=2 mm W3=1.5 mm W4=1 mm 
MLEF2:TL7  N__17 Subst="MSub1" W=W50 mm L=16.3226 mm Wall1=2.5000000000000002e+28 mm Wall2=2.5000000000000002e+28 mm Mod=1 
MLIN2:TL4  N__10 N__7 Subst="MSub1" W=1.5 mm L=3 mm Wall1=2.5000000000000002e+28 mm Wall2=2.5000000000000002e+28 mm Mod=1 
MLIN2:TL6  N__12 RF Subst="MSub1" W=W50 mm L=15.8226 mm Wall1=2.5000000000000002e+28 mm Wall2=2.5000000000000002e+28 mm Mod=1 
MGAP:Gap1  N__15 N__20 Subst="MSub1" W=1.5 mm S=0.5 mm 
CapJT:Kap1  N__15 N__20 C=10 pF 
VIA:V3  N__19 0 D1=0.5 mm D2=0.5 mm H=1.52 mm T=0.00375 mm 
VIA:V1  N__20 0 D1=0.5 mm D2=0.5 mm H=1.52 mm T=0.00375 mm 
GRM18:C1  N__14 N__11 PartNumber=900 
GRM31:C2  N__21 N__19 PartNumber=548 
MCROSO:Cros1  N__15 N__17 N__10 N__12 Subst="MSub1" W1=1 mm W2=W50 mm W3=1.5 mm W4=W50 mm 
VIA:V2  N__11 0 D1=0.5 mm D2=0.5 mm H=1.52 mm T=0.00375 mm 
end PA_Real_BiasGate

; Library Name: TTT4201_sem_proj1_lib
; Cell Name: PA_StabCircuit
; View Name: schematic
define PA_StabCircuit ( toMatch  toTrans ) 
;parameters 
R:R1  toMatch toTrans R=Rs Ohm Noise=yes 
MGAP:Gap1  toMatch toTrans Subst="MSub1" W=1.5 mm S=0.5 mm 
CapJT:Kap1  toMatch toTrans C=Cs pF 
end PA_StabCircuit

; Library Name: TTT4201_sem_proj1_lib
; Cell Name: PA_Real
; View Name: schematic
define PA_Real ( RFin  RFout  VdcDrain  VdcGate ) 
;parameters 

Cs=1.65051 opt{ 1 to 82 }
Rs=6912.16 opt{ 10 to 10000 }
Rp=9.74811e-07 opt{ 0 to 10000 }
#uselib "MA_RFP_ADS_v2p5" , "CG2H40010F_v2"
"CG2H40010F_v2":X1  N__6 N__9 0 Rth=7.83 Tbase=25 VDN=28 x1=1 x2=1 
MTAPER:Taper3  RFout N__31 Subst="MSub1" W1=W50 mm W2=1 mm L=1.5 mm 
MTEE_ADS:Tee4  N__26 N__27 N__29 Subst="MSub1" W1=W50 mm W2=W50 mm W3=W50 mm 
MLIN2:TL11  N__8 N__26 Subst="MSub1" W=W50 mm L=Lo1 mm Wall1=2.5000000000000002e+28 mm Wall2=2.5000000000000002e+28 mm Mod=1 
PA_StabCircuit:X2  N__4 N__11 

Lo1=2.5 opt{ 2.5 to 9.5 }
Co=82 opt{ 1 to 82 }
Lo2=8.74924 opt{ 6 to 16 }

Li1=12.0208 opt{ 9 to 17 }
Li2=1.50001 opt{ 1.5 to 6 }
Ci=81.9897 opt{ 1 to 82 }

W50=2.867830
model MSub1 MSUB H=1.52 mm Er=4.4 Mur=1 Cond=5.96e7 Hu=1e+33 mm T=35 um TanD=0.02 Rough=0 mm DielectricLossModel=1 FreqForEpsrTanD=1.0 GHz LowFreqForTanD=1.0 kHz HighFreqForTanD=1.0 THz RoughnessModel=2 
PA_Real_BiasGate:X3  VdcGate N__5 
PA_Real_BiasDrain:X4  VdcDrain N__13 
MTEE_ADS:Tee3  N__8 N__12 N__13 Subst="MSub1" W1=W50 mm W2=2 mm W3=W50 mm 
R:R1  N__5 N__17 R=Rp Ohm Noise=yes 
MGAP:Gap1  N__5 N__17 Subst="MSub1" W=1.5 mm S=0.5 mm 
MLIN2:TL5  N__11 N__6 Subst="MSub1" W=2 mm L=3 mm Wall1=2.5000000000000002e+28 mm Wall2=2.5000000000000002e+28 mm Mod=1 
MLIN2:TL6  N__12 N__9 Subst="MSub1" W=2 mm L=3 mm Wall1=2.5000000000000002e+28 mm Wall2=2.5000000000000002e+28 mm Mod=1 
MLIN2:TL7  N__14 N__4 Subst="MSub1" W=2 mm L=1.5 mm Wall1=2.5000000000000002e+28 mm Wall2=2.5000000000000002e+28 mm Mod=1 
MTEE_ADS:Tee1  N__14 N__15 N__17 Subst="MSub1" W1=2 mm W2=W50 mm W3=W50 mm 
MLIN2:TL8  N__16 N__15 Subst="MSub1" W=W50 mm L=Li2 mm Wall1=2.5000000000000002e+28 mm Wall2=2.5000000000000002e+28 mm Mod=1 
MTEE_ADS:Tee2  N__18 N__16 N__19 Subst="MSub1" W1=W50 mm W2=W50 mm W3=W50 mm 
MLEF2:TL9  N__19 Subst="MSub1" W=W50 mm L=Li1 mm Wall1=2.5000000000000002e+28 mm Wall2=2.5000000000000002e+28 mm Mod=1 
MTAPER:Taper1  N__18 N__20 Subst="MSub1" W1=W50 mm W2=1 mm L=1.5 mm 
CapJT:Kap1  N__21 N__20 C=Ci pF 
MTAPER:Taper2  N__22 N__21 Subst="MSub1" W1=W50 mm W2=1 mm L=1.5 mm 
MLIN2:TL10  RFin N__22 Subst="MSub1" W=W50 mm L=5 mm Wall1=2.5000000000000002e+28 mm Wall2=2.5000000000000002e+28 mm Mod=1 
MTAPER:Taper4  N__27 N__33 Subst="MSub1" W1=W50 mm W2=1 mm L=1.5 mm 
CapJT:Kap2  N__31 N__33 C=Co pF 
MLEF2:TL12  N__29 Subst="MSub1" W=W50 mm L=Lo2 mm Wall1=2.5000000000000002e+28 mm Wall2=2.5000000000000002e+28 mm Mod=1 
end PA_Real

S_Param:SP1 CalcS=yes CalcY=no CalcZ=no GroupDelayAperture=1e-4 FreqConversion=no FreqConversionPort=1 StatusLevel=2 CalcNoise=no SortNoise=0 BandwidthForNoise=1.0 Hz Freq=2.4 GHz DevOpPtLevel=0 SPSS_WSP=yes \
SweepVar="freq" SweepPlan="SwpPlan1" OutputPlan="SP1_Output" 

OutputPlan:SP1_Output \
      Type="Output" \
      UseEquationNestLevel=yes \
      EquationNestLevel=2 \
      UseSavedEquationNestLevel=yes \
      SavedEquationNestLevel=2

#load "python","LinearCollapse"
Component Module="LinearCollapse" Type="ModelExtractor" NetworkRepresentation=2

Z0=50
Port:Term1  N__6 0 Num=1 Z=Z0 Ohm Noise=yes 
Port:Term2  N__2 0 Num=2 Z=Z0 Ohm Noise=yes 

Options:Options1 Temp=16.85 Tnom=25 TopologyCheck=yes ForceS_Params=yes V_RelTol=1e-6  \
I_RelTol=1e-6 GiveAllWarnings=yes MaxWarnings=10 ForceM_Params=yes DC_ReadInitialGuess=no  \
DC_WriteFinalSolution=no TopologyCheckMessages=no GPU=no doDeltaAC=no ReduceSPort=no  \
ReduceSPortRatio=0.5 WarnSOA=yes MaxWarnSOA=5 Census=no MinNodalR=1e-2 Ohm  \
LargeCapThreshold=1e-3 F EnableAssertChecks=no EnableSpareRemoval=yes 

aele mu_load=mu(S);mu_source=mu_prime(S);match_input=sm_gamma1(S);Source_stabcir=s_stab_circle(S,51);Load_stabcir=l_stab_circle(S,51);

#ifndef muRataLibWeb_C
#define muRataLibWeb_C
; models
#include "C:/Users/student/Documents/ADS Designkits/muRataLibWeb_C_EIA_confidential/circuit/models/encode.net"
#endif


V_Source:SRC1  N__0 0 Type="V_DC" Vdc=-2.85 V SaveCurrent=1 
V_Source:SRC2  N__4 0 Type="V_DC" Vdc=28 V SaveCurrent=1 

SweepPlan:SwpPlan2 SweepPlan[1]="SwpPlan2_seg1" 
SweepPlan:SwpPlan2_seg1 Start=2.2GHz Stop=2.6 GHz Step=0.05 GHz 


SweepPlan:SwpPlan1 SweepPlan[1]="SwpPlan1_seg1" \ 
SweepPlan[2]="SwpPlan1_seg2" 
SweepPlan:SwpPlan1_seg1 Start=0.4GHz Stop=5 GHz Step=0.03 GHz 
SweepPlan:SwpPlan1_seg2 Start=2GHz Stop=2.8 GHz Step=0.01 GHz 

Optim:"Optim1" OptimType="hpVMO" ErrorForm="L2" SAProgressReport=0 MaxIters=50 P=2 DesiredError=0.0 StatusLevel=4 FinalAnalysis="SP1" NormalizeGoals=yes SetBestValues=yes SaveSolns=no SaveGoals=yes SaveOptimVars=no UpdateDataset=yes SaveNominal=no SaveAllIterations=no UseAllOptVars=yes UseAllGoals=yes SaveCurrentEF=no InitialTempControlMode=0 SANumTrialsPerIter=10 NumShootsPerIter=20 SATempControlAlpha=0.8 CoranaSkip=0.0 EnableCockpit=yes NormalizeError=yes SaveAllTrials=no UseAdvTermCriteria=no CostRelativeTol=1.0e-8 LimitOfContSmallImprovement=5 

OptimGoal:OptimGoal3 Expr="mu_source" SimInstanceName="SP1" Weight=1.0 \
SpecLimitLine[1]="OptimGoal3_limit1" 
SpecLimitLine:"OptimGoal3_limit1" Type="GreaterThan" Min=1.0000001 Weight=1.0 
OptimGoal:OptimGoal4 Expr="mu_load" SimInstanceName="SP1" Weight=1.0 \
SpecLimitLine[1]="OptimGoal4_limit1" 
SpecLimitLine:"OptimGoal4_limit1" Type="GreaterThan" Min=1.0000001 Weight=1.0 
OptimGoal:OptimGoal5 Expr="db(S(2,1))" SimInstanceName="SP1" Weight=1.0 \
SpecLimitLine[1]="OptimGoal5_limit1" 
SpecLimitLine:"OptimGoal5_limit1" Type="GreaterThan" Min=20 Weight=1.0 
PA_Real:X1  N__6 N__2 N__4 N__0 
